<?xml version="1.0" encoding="UTF-8"?>
<!-- Generated by org.testng.reporters.JUnitXMLReporter -->
<testsuite ignored="0" hostname="Simrans-Air" failures="1" tests="11" name="Test" time="236.735" errors="0" timestamp="2023-08-22T18:33:14 EDT">
  <testcase classname="com.tutorialninja.Test.RegisterNewAccountTest" name="registerTestWithAllMendatoryFields" time="5.482"/>
  <testcase classname="com.tutorialninja.Test.RegisterNewAccountTest" name="registerTestWithAllMendatoryFields" time="5.1"/>
  <testcase classname="com.tutorialninja.Test.RegisterNewAccountTest" name="registerTestWithAllMendatoryFields" time="4.813"/>
  <testcase classname="com.tutorialninja.Test.RegisterNewAccountTest" name="registerTestWithAllMendatoryFields" time="6.294"/>
  <testcase classname="com.tutorialninja.Test.RegisterNewAccountTest" name="registerTestWithAllMendatoryFields" time="4.466"/>
  <testcase classname="com.tutorialninja.Test.RegisterNewAccountTest" name="registerTestWithAllMendatoryFields" time="4.647"/>
  <testcase classname="com.tutorialninja.Test.RegisterNewAccountTest" name="registerTestWithAllMendatoryFields" time="5.872"/>
  <testcase classname="com.tutorialninja.Test.RegisterNewAccountTest" name="registerTestWithAllMendatoryFields" time="6.062"/>
  <testcase classname="com.tutorialninja.Test.RegisterNewAccountTest" name="verifyRegisterWithBlankSubmission" time="3.945"/>
  <testcase classname="com.tutorialninja.Test.EndToEndaPurchasePositiveTest" name="endToEnd" time="23.456">
    <failure type="org.openqa.selenium.ElementClickInterceptedException" message="element click intercepted: Element &amp;lt;input type=&amp;quot;button&amp;quot; value=&amp;quot;Continue&amp;quot; id=&amp;quot;button-shipping-address&amp;quot; data-loading-text=&amp;quot;Loading...&amp;quot; class=&amp;quot;btn btn-primary&amp;quot;&amp;gt; is not clickable at point (1235, 265). Other element would receive the click: &amp;lt;div class=&amp;quot;panel-heading&amp;quot;&amp;gt;...&amp;lt;/div&amp;gt;
  (Session info: chrome=116.0.5845.96)
Build info: version: &amp;apos;4.11.0&amp;apos;, revision: &amp;apos;040bc5406b&amp;apos;
System info: os.name: &amp;apos;Mac OS X&amp;apos;, os.arch: &amp;apos;x86_64&amp;apos;, os.version: &amp;apos;11.7.7&amp;apos;, java.version: &amp;apos;17.0.6&amp;apos;
Driver info: org.openqa.selenium.chrome.ChromeDriver
Command: [e82e31e5ae781bbcdafe1b8f4953ce7e, clickElement {id=9CBB3D7AEBF7B9F13B7E493874342914_element_176}]
Capabilities {acceptInsecureCerts: false, browserName: chrome, browserVersion: 116.0.5845.96, chrome: {chromedriverVersion: 116.0.5845.96 (1a3918166880..., userDataDir: /var/folders/1h/ttt4tvhd473...}, fedcm:accounts: true, goog:chromeOptions: {debuggerAddress: localhost:54138}, networkConnectionEnabled: false, pageLoadStrategy: normal, platformName: mac, proxy: Proxy(), se:cdp: ws://localhost:54138/devtoo..., se:cdpVersion: 116.0.5845.96, setWindowRect: true, strictFileInteractability: false, timeouts: {implicit: 0, pageLoad: 300000, script: 30000}, unhandledPromptBehavior: dismiss and notify, webauthn:extension:credBlob: true, webauthn:extension:largeBlob: true, webauthn:extension:minPinLength: true, webauthn:extension:prf: true, webauthn:virtualAuthenticators: true}
Element: [[ChromeDriver: chrome on mac (e82e31e5ae781bbcdafe1b8f4953ce7e)] -&amp;gt; id: button-shipping-address]
Session ID: e82e31e5ae781bbcdafe1b8f4953ce7e">
      <![CDATA[org.openqa.selenium.ElementClickInterceptedException: element click intercepted: Element <input type="button" value="Continue" id="button-shipping-address" data-loading-text="Loading..." class="btn btn-primary"> is not clickable at point (1235, 265). Other element would receive the click: <div class="panel-heading">...</div>
  (Session info: chrome=116.0.5845.96)
Build info: version: '4.11.0', revision: '040bc5406b'
System info: os.name: 'Mac OS X', os.arch: 'x86_64', os.version: '11.7.7', java.version: '17.0.6'
Driver info: org.openqa.selenium.chrome.ChromeDriver
Command: [e82e31e5ae781bbcdafe1b8f4953ce7e, clickElement {id=9CBB3D7AEBF7B9F13B7E493874342914_element_176}]
Capabilities {acceptInsecureCerts: false, browserName: chrome, browserVersion: 116.0.5845.96, chrome: {chromedriverVersion: 116.0.5845.96 (1a3918166880..., userDataDir: /var/folders/1h/ttt4tvhd473...}, fedcm:accounts: true, goog:chromeOptions: {debuggerAddress: localhost:54138}, networkConnectionEnabled: false, pageLoadStrategy: normal, platformName: mac, proxy: Proxy(), se:cdp: ws://localhost:54138/devtoo..., se:cdpVersion: 116.0.5845.96, setWindowRect: true, strictFileInteractability: false, timeouts: {implicit: 0, pageLoad: 300000, script: 30000}, unhandledPromptBehavior: dismiss and notify, webauthn:extension:credBlob: true, webauthn:extension:largeBlob: true, webauthn:extension:minPinLength: true, webauthn:extension:prf: true, webauthn:virtualAuthenticators: true}
Element: [[ChromeDriver: chrome on mac (e82e31e5ae781bbcdafe1b8f4953ce7e)] -> id: button-shipping-address]
Session ID: e82e31e5ae781bbcdafe1b8f4953ce7e
at org.openqa.selenium.remote.codec.w3c.W3CHttpResponseCodec.createException(W3CHttpResponseCodec.java:200)
at org.openqa.selenium.remote.codec.w3c.W3CHttpResponseCodec.decode(W3CHttpResponseCodec.java:133)
at org.openqa.selenium.remote.codec.w3c.W3CHttpResponseCodec.decode(W3CHttpResponseCodec.java:52)
at org.openqa.selenium.remote.HttpCommandExecutor.execute(HttpCommandExecutor.java:191)
at org.openqa.selenium.remote.service.DriverCommandExecutor.invokeExecute(DriverCommandExecutor.java:196)
at org.openqa.selenium.remote.service.DriverCommandExecutor.execute(DriverCommandExecutor.java:171)
at org.openqa.selenium.remote.RemoteWebDriver.execute(RemoteWebDriver.java:518)
at org.openqa.selenium.remote.RemoteWebElement.execute(RemoteWebElement.java:224)
at org.openqa.selenium.remote.RemoteWebElement.click(RemoteWebElement.java:77)
at com.tutorialninja.Test.EndToEndaPurchasePositiveTest.endToEnd(EndToEndaPurchasePositiveTest.java:96)
at java.base/java.util.ArrayList.forEach(ArrayList.java:1511)
... Removed 32 stack frames]]>
    </failure>
  </testcase> <!-- endToEnd -->
  <testcase classname="com.tutorialninja.Test.LoginTest" name="verifyLoginWithCorrectCridentials" time="2.037"/>
</testsuite> <!-- Test -->
